Aug-05 07:32:07.850 [main] DEBUG nextflow.cli.Launcher - $> nextflow run main.nf
Aug-05 07:32:07.894 [main] DEBUG nextflow.cli.CmdRun - N E X T F L O W  ~  version 24.04.4
Aug-05 07:32:07.909 [main] DEBUG nextflow.plugin.PluginsFacade - Setting up plugin manager > mode=prod; embedded=false; plugins-dir=/Users/laramie.lindsey/.nextflow/plugins; core-plugins: nf-amazon@2.5.3,nf-azure@1.6.1,nf-cloudcache@0.4.1,nf-codecommit@0.2.1,nf-console@1.1.3,nf-ga4gh@1.3.0,nf-google@1.13.2-patch1,nf-tower@1.9.1,nf-wave@1.4.2-patch1
Aug-05 07:32:07.915 [main] INFO  o.pf4j.DefaultPluginStatusProvider - Enabled plugins: []
Aug-05 07:32:07.915 [main] INFO  o.pf4j.DefaultPluginStatusProvider - Disabled plugins: []
Aug-05 07:32:07.917 [main] INFO  org.pf4j.DefaultPluginManager - PF4J version 3.12.0 in 'deployment' mode
Aug-05 07:32:07.924 [main] INFO  org.pf4j.AbstractPluginManager - No plugins
Aug-05 07:32:07.936 [main] DEBUG nextflow.config.ConfigBuilder - Found config local: /Users/laramie.lindsey/github/repos/test-secrets/nextflow.config
Aug-05 07:32:07.938 [main] DEBUG nextflow.config.ConfigBuilder - Parsing config file: /Users/laramie.lindsey/github/repos/test-secrets/nextflow.config
Aug-05 07:32:07.955 [main] DEBUG n.secret.LocalSecretsProvider - Secrets store: /Users/laramie.lindsey/.nextflow/secrets/store.json
Aug-05 07:32:07.956 [main] DEBUG nextflow.secret.SecretsLoader - Discovered secrets providers: [nextflow.secret.LocalSecretsProvider@6f3f0fae] - activable => nextflow.secret.LocalSecretsProvider@6f3f0fae
Aug-05 07:32:07.960 [main] DEBUG nextflow.config.ConfigBuilder - Applying config profile: `standard`
Aug-05 07:32:08.201 [main] DEBUG nextflow.cli.CmdRun - Applied DSL=2 by global default
Aug-05 07:32:08.211 [main] DEBUG nextflow.cli.CmdRun - Launching `main.nf` [happy_stone] DSL2 - revision: 308ae88691
Aug-05 07:32:08.212 [main] DEBUG nextflow.plugin.PluginsFacade - Plugins default=[]
Aug-05 07:32:08.213 [main] DEBUG nextflow.plugin.PluginsFacade - Plugins resolved requirement=[nf-tower@1.9.1]
Aug-05 07:32:08.213 [main] DEBUG nextflow.plugin.PluginUpdater - Installing plugin nf-tower version: 1.9.1
Aug-05 07:32:08.218 [main] INFO  org.pf4j.AbstractPluginManager - Plugin 'nf-tower@1.9.1' resolved
Aug-05 07:32:08.218 [main] INFO  org.pf4j.AbstractPluginManager - Start plugin 'nf-tower@1.9.1'
Aug-05 07:32:08.229 [main] DEBUG nextflow.plugin.BasePlugin - Plugin started nf-tower@1.9.1
Aug-05 07:32:08.262 [main] DEBUG nextflow.Session - Session UUID: 775b2914-ca0b-4db5-9b3a-b6f166cde59c
Aug-05 07:32:08.262 [main] DEBUG nextflow.Session - Run name: happy_stone
Aug-05 07:32:08.262 [main] DEBUG nextflow.Session - Executor pool size: 11
Aug-05 07:32:08.267 [main] DEBUG nextflow.file.FilePorter - File porter settings maxRetries=3; maxTransfers=50; pollTimeout=null
Aug-05 07:32:08.269 [main] DEBUG nextflow.util.ThreadPoolBuilder - Creating thread pool 'FileTransfer' minSize=10; maxSize=33; workQueue=LinkedBlockingQueue[10000]; allowCoreThreadTimeout=false
Aug-05 07:32:13.298 [main] DEBUG nextflow.cli.CmdRun - 
  Version: 24.04.4 build 5917
  Created: 01-08-2024 07:05 UTC (02:05 CDT)
  System: Mac OS X 15.5
  Runtime: Groovy 4.0.21 on OpenJDK 64-Bit Server VM 17.0.10+7
  Encoding: UTF-8 (UTF-8)
  Process: 2331@Laramies-MacBook-Pro.local [10.0.0.178]
  CPUs: 11 - Mem: 36 GB (1 GB) - Swap: 0 (0)
Aug-05 07:32:13.313 [main] DEBUG nextflow.Session - Work-dir: /Users/laramie.lindsey/github/repos/test-secrets/work [Mac OS X]
Aug-05 07:32:13.314 [main] DEBUG nextflow.Session - Script base path does not exist or is not a directory: /Users/laramie.lindsey/github/repos/test-secrets/bin
Aug-05 07:32:13.325 [main] DEBUG nextflow.executor.ExecutorFactory - Extension executors providers=[]
Aug-05 07:32:13.332 [main] DEBUG nextflow.Session - Observer factory: DefaultObserverFactory
Aug-05 07:32:13.335 [main] DEBUG nextflow.Session - Observer factory: TowerFactory
Aug-05 07:32:13.346 [main] DEBUG nextflow.cache.CacheFactory - Using Nextflow cache factory: nextflow.cache.DefaultCacheFactory
Aug-05 07:32:13.353 [main] DEBUG nextflow.util.CustomThreadPool - Creating default thread pool > poolSize: 12; maxThreads: 1000
Aug-05 07:32:13.393 [main] DEBUG nextflow.Session - Session start
Aug-05 07:32:13.486 [main] DEBUG nextflow.script.ScriptRunner - > Launching execution
Aug-05 07:32:13.498 [main] WARN  nextflow.script.ScriptBinding - Access to undefined parameter `api_key_secret` -- Initialise it to a default value eg. `params.api_key_secret = some_value`
Aug-05 07:32:13.537 [main] DEBUG nextflow.Session - Workflow process names [dsl2]: 
Aug-05 07:32:13.538 [main] DEBUG nextflow.Session - Igniting dataflow network (1)
Aug-05 07:32:13.538 [main] DEBUG nextflow.script.ScriptRunner - Parsed script files:
  Script_2add46da0219db5e: /Users/laramie.lindsey/github/repos/test-secrets/main.nf
Aug-05 07:32:13.538 [main] DEBUG nextflow.script.ScriptRunner - > Awaiting termination 
Aug-05 07:32:13.538 [main] DEBUG nextflow.Session - Session await
Aug-05 07:32:13.538 [main] DEBUG nextflow.Session - Session await > all processes finished
Aug-05 07:32:13.538 [main] DEBUG nextflow.Session - Session await > all barriers passed
Aug-05 07:32:13.546 [main] DEBUG n.trace.WorkflowStatsObserver - Workflow completed > WorkflowStats[succeededCount=0; failedCount=0; ignoredCount=0; cachedCount=0; pendingCount=0; submittedCount=0; runningCount=0; retriesCount=0; abortedCount=0; succeedDuration=0ms; failedDuration=0ms; cachedDuration=0ms;loadCpus=0; loadMemory=0; peakRunning=0; peakCpus=0; peakMemory=0; ]
Aug-05 07:32:13.600 [main] DEBUG nextflow.cache.CacheDB - Closing CacheDB done
Aug-05 07:32:13.610 [main] INFO  org.pf4j.AbstractPluginManager - Stop plugin 'nf-tower@1.9.1'
Aug-05 07:32:13.611 [main] DEBUG nextflow.plugin.BasePlugin - Plugin stopped nf-tower
Aug-05 07:32:13.612 [main] DEBUG nextflow.util.ThreadPoolManager - Thread pool 'FileTransfer' shutdown completed (hard=false)
Aug-05 07:32:13.612 [main] DEBUG nextflow.script.ScriptRunner - > Execution complete -- Goodbye
